[1] "nnet_full.R"
[1] "Copying model file..."
Read 69.0% of 188318 rowsRead 188318 rows and 78 (of 132) columns from 0.065 GB file in 00:00:03
[1] "Pre-processing..."
[1] "...Done!"
[1] "Running the model..."
Aggregating results
Fitting final model on full training set
# weights:  9481
initial  value 1080885.119459 
iter  10 value 11683.598560
iter  20 value 5917.725022
iter  30 value 4796.768188
iter  40 value 4354.338716
iter  50 value 4010.357055
iter  60 value 3743.386468
iter  70 value 3605.655632
iter  80 value 3442.857608
iter  90 value 3271.789966
iter 100 value 3060.333544
final  value 3060.333544 
stopped after 100 iterations
[1] "...Done!"
Neural Network 

15068 samples
  156 predictor

No pre-processing
Resampling: Cross-Validated (10 fold) 
Summary of sample sizes: 13561, 13561, 13562, 13563, 13563, 13561, ... 
Resampling results:

  MAE     
  1491.093

Tuning parameter 'size' was held constant at a value of 60
Tuning
 parameter 'decay' was held constant at a value of 0.5
 
[1] "Estimated RMSE:"
        RMSE     Rsquared 
2431.6622973    0.3583152 
[1] "Estimated MAE:"
[1] 1536.377
[1] "Best Parameters:"
  size decay
1   60   0.5
[1] "Run time:"
    user   system  elapsed 
 471.644    2.255 3201.587 
[1] "No tuning parameters found. Skipping plot."
    user   system  elapsed 
 503.912    4.097 3247.951 
