[1] "nnet_full.R"
[1] "Copying model file..."
Read 90.3% of 188318 rowsRead 188318 rows and 78 (of 132) columns from 0.065 GB file in 00:00:03
[1] "Pre-processing..."
[1] "...Done!"
[1] "Running the model..."
Aggregating results
Fitting final model on full training set
# weights:  9481
initial  value 1080101.229797 
iter  10 value 10851.889947
iter  20 value 5087.336286
iter  30 value 3976.296170
iter  40 value 3593.152720
iter  50 value 3266.028621
iter  60 value 3018.607116
iter  70 value 2769.049841
iter  80 value 2574.448389
iter  90 value 2285.461486
iter 100 value 1903.733027
final  value 1903.733027 
stopped after 100 iterations
[1] "...Done!"
Neural Network 

15068 samples
  156 predictor

No pre-processing
Resampling: Cross-Validated (10 fold) 
Summary of sample sizes: 13561, 13561, 13562, 13563, 13563, 13561, ... 
Resampling results:

  MAE     
  1581.221

Tuning parameter 'size' was held constant at a value of 60
Tuning
 parameter 'decay' was held constant at a value of 0.001
 
[1] "Estimated RMSE:"
        RMSE     Rsquared 
2474.4742980    0.3515677 
[1] "Estimated MAE:"
[1] 1581.217
[1] "Best Parameters:"
  size decay
1   60 0.001
[1] "Run time:"
    user   system  elapsed 
 318.940    1.169 2114.787 
[1] "No tuning parameters found. Skipping plot."
    user   system  elapsed 
 348.953    2.645 2154.970 
