[1] "nnet_full.R"
[1] "Copying model file..."
Read 79.7% of 188318 rowsRead 188318 rows and 78 (of 132) columns from 0.065 GB file in 00:00:03
[1] "Pre-processing..."
[1] "...Done!"
[1] "Running the model..."
Aggregating results
Fitting final model on full training set
# weights:  9481
initial  value 1080099.815968 
iter  10 value 10850.384952
iter  20 value 5085.812460
iter  30 value 3974.740505
iter  40 value 3591.603696
iter  50 value 3264.417139
iter  60 value 3016.925538
iter  70 value 2767.175282
iter  80 value 2571.768238
iter  90 value 2283.164478
iter 100 value 1904.890148
final  value 1904.890148 
stopped after 100 iterations
[1] "...Done!"
Neural Network 

15068 samples
  156 predictor

No pre-processing
Resampling: Cross-Validated (10 fold) 
Summary of sample sizes: 13561, 13561, 13562, 13563, 13563, 13561, ... 
Resampling results:

  MAE     
  1576.343

Tuning parameter 'size' was held constant at a value of 60
Tuning
 parameter 'decay' was held constant at a value of 1e-04
 
[1] "Estimated RMSE:"
        RMSE     Rsquared 
2472.8268481    0.3517581 
[1] "Estimated MAE:"
[1] 1579.247
[1] "Best Parameters:"
  size decay
1   60 1e-04
[1] "Run time:"
    user   system  elapsed 
 313.625    1.273 2079.408 
[1] "No tuning parameters found. Skipping plot."
    user   system  elapsed 
 343.422    2.950 2120.324 
