[1] "nnet_full.R"
[1] "Copying model file..."
Read 74.3% of 188318 rowsRead 188318 rows and 78 (of 132) columns from 0.065 GB file in 00:00:03
[1] "Pre-processing..."
[1] "...Done!"
[1] "Running the model..."
Aggregating results
Fitting final model on full training set
# weights:  9481
initial  value 1080099.658876 
iter  10 value 10850.217730
iter  20 value 5085.643140
iter  30 value 3974.567636
iter  40 value 3591.431542
iter  50 value 3264.238003
iter  60 value 3016.738556
iter  70 value 2766.966812
iter  80 value 2571.469438
iter  90 value 2282.910806
iter 100 value 1903.598653
final  value 1903.598653 
stopped after 100 iterations
[1] "...Done!"
Neural Network 

15068 samples
  156 predictor

No pre-processing
Resampling: Cross-Validated (10 fold) 
Summary of sample sizes: 13561, 13561, 13562, 13563, 13563, 13561, ... 
Resampling results:

  MAE     
  1576.397

Tuning parameter 'size' was held constant at a value of 60
Tuning
 parameter 'decay' was held constant at a value of 0
 
[1] "Estimated RMSE:"
       RMSE    Rsquared 
2472.686457    0.351806 
[1] "Estimated MAE:"
[1] 1579.203
[1] "Best Parameters:"
  size decay
1   60     0
[1] "Run time:"
    user   system  elapsed 
 312.523    1.029 1937.402 
[1] "No tuning parameters found. Skipping plot."
    user   system  elapsed 
 340.512    2.456 1975.892 
