[1] "nnet_full.R"
[1] "Copying model file..."
Read 74.3% of 188318 rowsRead 188318 rows and 78 (of 132) columns from 0.065 GB file in 00:00:03
[1] "Pre-processing..."
[1] "...Done!"
[1] "Running the model..."
Aggregating results
Fitting final model on full training set
# weights:  7901
initial  value 780072.118790 
iter  10 value 8659.214466
iter  20 value 6628.624286
iter  30 value 5814.333423
iter  40 value 4826.748468
iter  50 value 4190.101034
iter  60 value 3837.168843
iter  70 value 3620.983319
iter  80 value 3465.127287
iter  90 value 3393.401321
iter 100 value 3341.649550
final  value 3341.649550 
stopped after 100 iterations
[1] "...Done!"
Neural Network 

15068 samples
  156 predictor

No pre-processing
Resampling: Cross-Validated (10 fold) 
Summary of sample sizes: 13561, 13561, 13562, 13563, 13563, 13561, ... 
Resampling results:

  MAE     
  1449.786

Tuning parameter 'size' was held constant at a value of 50
Tuning
 parameter 'decay' was held constant at a value of 2
 
[1] "Estimated RMSE:"
        RMSE     Rsquared 
2380.4982398    0.3698935 
[1] "Estimated MAE:"
[1] 1458.068
[1] "Best Parameters:"
  size decay
1   50     2
[1] "Run time:"
    user   system  elapsed 
 286.052    1.567 1776.959 
[1] "No tuning parameters found. Skipping plot."
    user   system  elapsed 
 318.108    3.302 1820.605 
