[1] "nnet_full.R"
[1] "Copying model file..."
Read 85.0% of 188318 rowsRead 188318 rows and 78 (of 132) columns from 0.065 GB file in 00:00:03
[1] "Pre-processing..."
[1] "...Done!"
[1] "Running the model..."
Aggregating results
Fitting final model on full training set
# weights:  9481
initial  value 1084026.961793 
iter  10 value 14963.078659
iter  20 value 8960.019978
iter  30 value 7291.826093
iter  40 value 5830.932171
iter  50 value 4782.672294
iter  60 value 4215.872444
iter  70 value 3887.164960
iter  80 value 3686.583997
iter  90 value 3553.442562
iter 100 value 3447.454462
final  value 3447.454462 
stopped after 100 iterations
[1] "...Done!"
Neural Network 

15068 samples
  156 predictor

No pre-processing
Resampling: Cross-Validated (10 fold) 
Summary of sample sizes: 13561, 13561, 13562, 13563, 13563, 13561, ... 
Resampling results:

  MAE     
  1453.574

Tuning parameter 'size' was held constant at a value of 60
Tuning
 parameter 'decay' was held constant at a value of 2.5
 
[1] "Estimated RMSE:"
        RMSE     Rsquared 
2341.8944476    0.3811206 
[1] "Estimated MAE:"
[1] 1443.322
[1] "Best Parameters:"
  size decay
1   60   2.5
[1] "Run time:"
    user   system  elapsed 
 328.392    1.475 2042.512 
[1] "No tuning parameters found. Skipping plot."
    user   system  elapsed 
 357.048    3.009 2081.804 
