[1] "nnet_full.R"
[1] "Copying model file..."
Read 69.0% of 188318 rowsRead 188318 rows and 78 (of 132) columns from 0.065 GB file in 00:00:03
[1] "Pre-processing..."
[1] "...Done!"
[1] "Running the model..."
Aggregating results
Fitting final model on full training set
# weights:  7901
initial  value 779417.897056 
iter  10 value 8021.438400
iter  20 value 6086.059650
iter  30 value 5481.894630
iter  40 value 4745.710209
iter  50 value 4209.732660
iter  60 value 3883.554584
iter  70 value 3674.833138
iter  80 value 3557.281527
iter  90 value 3437.868043
iter 100 value 3266.544642
final  value 3266.544642 
stopped after 100 iterations
[1] "...Done!"
Neural Network 

15068 samples
  156 predictor

No pre-processing
Resampling: Cross-Validated (10 fold) 
Summary of sample sizes: 13561, 13561, 13562, 13563, 13563, 13561, ... 
Resampling results:

  MAE     
  1439.451

Tuning parameter 'size' was held constant at a value of 50
Tuning
 parameter 'decay' was held constant at a value of 1.5
 
[1] "Estimated RMSE:"
        RMSE     Rsquared 
2302.0834809    0.3959743 
[1] "Estimated MAE:"
[1] 1423.659
[1] "Best Parameters:"
  size decay
1   50   1.5
[1] "Run time:"
    user   system  elapsed 
 279.333    1.926 1600.912 
[1] "No tuning parameters found. Skipping plot."
    user   system  elapsed 
 309.105    3.617 1641.875 
