[1] "nnet_full.R"
[1] "Copying model file..."
Read 47.8% of 188318 rowsRead 188318 rows and 78 (of 132) columns from 0.065 GB file in 00:00:03
[1] "Pre-processing..."
[1] "...Done!"
[1] "Running the model..."
Aggregating results
Fitting final model on full training set
# weights:  9481
initial  value 1081670.580043 
iter  10 value 12511.538241
iter  20 value 6721.149258
iter  30 value 5538.153177
iter  40 value 4927.970945
iter  50 value 4394.812748
iter  60 value 4055.279748
iter  70 value 3894.052695
iter  80 value 3718.851769
iter  90 value 3517.043276
iter 100 value 3337.627790
final  value 3337.627790 
stopped after 100 iterations
[1] "...Done!"
Neural Network 

15068 samples
  156 predictor

No pre-processing
Resampling: Cross-Validated (10 fold) 
Summary of sample sizes: 13561, 13561, 13562, 13563, 13563, 13561, ... 
Resampling results:

  MAE     
  1434.367

Tuning parameter 'size' was held constant at a value of 60
Tuning
 parameter 'decay' was held constant at a value of 1
 
[1] "Estimated RMSE:"
        RMSE     Rsquared 
2369.7990786    0.3701301 
[1] "Estimated MAE:"
[1] 1475.553
[1] "Best Parameters:"
  size decay
1   60     1
[1] "Run time:"
    user   system  elapsed 
 299.764    2.719 1853.754 
[1] "No tuning parameters found. Skipping plot."
    user   system  elapsed 
 328.137    5.506 1893.416 
