[1] "nnet_full.R"
[1] "Copying model file..."
Read 58.4% of 188318 rowsRead 188318 rows and 78 (of 132) columns from 0.065 GB file in 00:00:03
[1] "Pre-processing..."
[1] "...Done!"
[1] "Running the model..."
Aggregating results
Fitting final model on full training set
# weights:  11061
initial  value 967638.283253 
iter  10 value 30226.242696
iter  20 value 12412.339851
iter  30 value 8162.309844
iter  40 value 7218.018371
iter  50 value 6523.039038
iter  60 value 5907.192475
iter  70 value 5459.534133
iter  80 value 5177.011299
iter  90 value 4998.058543
iter 100 value 4770.022396
final  value 4770.022396 
stopped after 100 iterations
[1] "...Done!"
Neural Network 

15068 samples
  156 predictor

No pre-processing
Resampling: Cross-Validated (10 fold) 
Summary of sample sizes: 13561, 13561, 13562, 13563, 13563, 13561, ... 
Resampling results:

  MAE     
  1475.243

Tuning parameter 'size' was held constant at a value of 70
Tuning
 parameter 'decay' was held constant at a value of 1.5
 
[1] "Estimated RMSE:"
        RMSE     Rsquared 
2270.9427967    0.4169931 
[1] "Estimated MAE:"
[1] 1440.722
[1] "Best Parameters:"
  size decay
1   70   1.5
[1] "Run time:"
    user   system  elapsed 
 466.585    1.572 2936.172 
[1] "No tuning parameters found. Skipping plot."
    user   system  elapsed 
 499.151    3.316 2981.135 
