[1] "nnet_full.R"
[1] "Copying model file..."
Read 85.0% of 188318 rowsRead 188318 rows and 78 (of 132) columns from 0.065 GB file in 00:00:03
[1] "Pre-processing..."
[1] "...Done!"
[1] "Running the model..."
Aggregating results
Fitting final model on full training set
# weights:  9481
initial  value 1083241.501210 
iter  10 value 14151.243003
iter  20 value 8242.615315
iter  30 value 6785.635677
iter  40 value 5632.488830
iter  50 value 4684.398635
iter  60 value 4154.480673
iter  70 value 3795.819776
iter  80 value 3581.441479
iter  90 value 3429.971259
iter 100 value 3307.698072
final  value 3307.698072 
stopped after 100 iterations
[1] "...Done!"
Neural Network 

15068 samples
  156 predictor

No pre-processing
Resampling: Cross-Validated (10 fold) 
Summary of sample sizes: 13561, 13561, 13562, 13563, 13563, 13561, ... 
Resampling results:

  MAE     
  1467.077

Tuning parameter 'size' was held constant at a value of 60
Tuning
 parameter 'decay' was held constant at a value of 2
 
[1] "Estimated RMSE:"
        RMSE     Rsquared 
2368.9816760    0.3736389 
[1] "Estimated MAE:"
[1] 1460.995
[1] "Best Parameters:"
  size decay
1   60     2
[1] "Run time:"
    user   system  elapsed 
 286.195    1.994 1871.000 
[1] "No tuning parameters found. Skipping plot."
    user   system  elapsed 
 313.437    4.532 1908.674 
