[1] "nnet_full.R"
[1] "Copying model file..."
Read 74.3% of 188318 rowsRead 188318 rows and 78 (of 132) columns from 0.065 GB file in 00:00:03
[1] "Pre-processing..."
[1] "...Done!"
[1] "Running the model..."
Aggregating results
Fitting final model on full training set
# weights:  9481
initial  value 1080492.389168 
iter  10 value 11267.590698
iter  20 value 5505.298605
iter  30 value 4396.057068
iter  40 value 3997.043473
iter  50 value 3664.269669
iter  60 value 3420.747964
iter  70 value 3259.641257
iter  80 value 3135.877611
iter  90 value 2943.255761
iter 100 value 2719.522209
final  value 2719.522209 
stopped after 100 iterations
[1] "...Done!"
Neural Network 

15068 samples
  156 predictor

No pre-processing
Resampling: Cross-Validated (10 fold) 
Summary of sample sizes: 13561, 13561, 13562, 13563, 13563, 13561, ... 
Resampling results:

  MAE     
  1517.832

Tuning parameter 'size' was held constant at a value of 60
Tuning
 parameter 'decay' was held constant at a value of 0.25
 
[1] "Estimated RMSE:"
        RMSE     Rsquared 
2443.5881297    0.3550901 
[1] "Estimated MAE:"
[1] 1553.901
[1] "Best Parameters:"
  size decay
1   60  0.25
[1] "Run time:"
    user   system  elapsed 
 367.166    1.390 2310.722 
[1] "No tuning parameters found. Skipping plot."
    user   system  elapsed 
 400.621    3.091 2355.806 
