[1] "nnet_full.R"
[1] "Copying model file..."
Read 74.3% of 188318 rowsRead 188318 rows and 78 (of 132) columns from 0.065 GB file in 00:00:03
[1] "Pre-processing..."
[1] "...Done!"
[1] "Running the model..."
Aggregating results
Fitting final model on full training set
# weights:  11061
initial  value 965345.744004 
iter  10 value 27648.739752
iter  20 value 9769.613754
iter  30 value 5332.944174
iter  40 value 4570.215445
iter  50 value 4249.735470
iter  60 value 4041.795941
iter  70 value 3912.449745
iter  80 value 3724.583112
iter  90 value 3533.475961
iter 100 value 3352.620549
final  value 3352.620549 
stopped after 100 iterations
[1] "...Done!"
Neural Network 

15068 samples
  156 predictor

No pre-processing
Resampling: Cross-Validated (10 fold) 
Summary of sample sizes: 13561, 13561, 13562, 13563, 13563, 13561, ... 
Resampling results:

  MAE     
  1536.575

Tuning parameter 'size' was held constant at a value of 70
Tuning
 parameter 'decay' was held constant at a value of 0.25
 
[1] "Estimated RMSE:"
        RMSE     Rsquared 
2375.5923934    0.3682211 
[1] "Estimated MAE:"
[1] 1478.547
[1] "Best Parameters:"
  size decay
1   70  0.25
[1] "Run time:"
    user   system  elapsed 
 553.016    2.010 3975.202 
[1] "No tuning parameters found. Skipping plot."
    user   system  elapsed 
 617.464    4.816 4057.492 
