[1] "nnet_full.R"
[1] "Copying model file..."
Read 79.7% of 188318 rowsRead 188318 rows and 78 (of 132) columns from 0.065 GB file in 00:00:03
[1] "Pre-processing..."
[1] "...Done!"
[1] "Running the model..."
Aggregating results
Fitting final model on full training set
# weights:  7901
initial  value 778109.453587 
iter  10 value 6726.160011
iter  20 value 4885.689280
iter  30 value 4509.275986
iter  40 value 4219.928147
iter  50 value 3952.980442
iter  60 value 3709.102498
iter  70 value 3549.728386
iter  80 value 3324.312689
iter  90 value 3076.064095
iter 100 value 2955.524061
final  value 2955.524061 
stopped after 100 iterations
[1] "...Done!"
Neural Network 

15068 samples
  156 predictor

No pre-processing
Resampling: Cross-Validated (10 fold) 
Summary of sample sizes: 13561, 13561, 13562, 13563, 13563, 13561, ... 
Resampling results:

  MAE     
  1465.643

Tuning parameter 'size' was held constant at a value of 50
Tuning
 parameter 'decay' was held constant at a value of 0.5
 
[1] "Estimated RMSE:"
        RMSE     Rsquared 
2388.9244457    0.3599055 
[1] "Estimated MAE:"
[1] 1485.131
[1] "Best Parameters:"
  size decay
1   50   0.5
[1] "Run time:"
    user   system  elapsed 
 244.117    0.942 1678.718 
[1] "No tuning parameters found. Skipping plot."
    user   system  elapsed 
 274.669    2.731 1723.152 
