[1] "nnet_full.R"
[1] "Copying model file..."
Read 79.7% of 188318 rowsRead 188318 rows and 78 (of 132) columns from 0.065 GB file in 00:00:03
[1] "Pre-processing..."
[1] "...Done!"
[1] "Running the model..."
Aggregating results
Fitting final model on full training set
# weights:  9481
initial  value 1082456.040626 
iter  10 value 13334.074388
iter  20 value 7496.162841
iter  30 value 6201.044683
iter  40 value 5333.634003
iter  50 value 4699.799725
iter  60 value 4164.525752
iter  70 value 3906.454497
iter  80 value 3715.469677
iter  90 value 3618.327503
iter 100 value 3504.821881
final  value 3504.821881 
stopped after 100 iterations
[1] "...Done!"
Neural Network 

15068 samples
  156 predictor

No pre-processing
Resampling: Cross-Validated (10 fold) 
Summary of sample sizes: 13561, 13561, 13562, 13563, 13563, 13561, ... 
Resampling results:

  MAE     
  1453.327

Tuning parameter 'size' was held constant at a value of 60
Tuning
 parameter 'decay' was held constant at a value of 1.5
 
[1] "Estimated RMSE:"
       RMSE    Rsquared 
2388.518864    0.365263 
[1] "Estimated MAE:"
[1] 1482.308
[1] "Best Parameters:"
  size decay
1   60   1.5
[1] "Run time:"
    user   system  elapsed 
 302.936    2.760 1889.384 
[1] "No tuning parameters found. Skipping plot."
    user   system  elapsed 
 330.436    5.156 1926.807 
