[1] "nnet_full.R"
[1] "Copying model file..."
Read 79.7% of 188318 rowsRead 188318 rows and 78 (of 132) columns from 0.065 GB file in 00:00:03
[1] "Pre-processing..."
[1] "...Done!"
[1] "Running the model..."
Aggregating results
Fitting final model on full training set
# weights:  7901
initial  value 778763.675322 
iter  10 value 7377.103858
iter  20 value 5504.335443
iter  30 value 5046.051375
iter  40 value 4560.830772
iter  50 value 4217.101463
iter  60 value 3943.748124
iter  70 value 3793.821897
iter  80 value 3629.099450
iter  90 value 3349.694229
iter 100 value 3116.698096
final  value 3116.698096 
stopped after 100 iterations
[1] "...Done!"
Neural Network 

15068 samples
  156 predictor

No pre-processing
Resampling: Cross-Validated (10 fold) 
Summary of sample sizes: 13561, 13561, 13562, 13563, 13563, 13561, ... 
Resampling results:

  MAE     
  1421.014

Tuning parameter 'size' was held constant at a value of 50
Tuning
 parameter 'decay' was held constant at a value of 1
 
[1] "Estimated RMSE:"
        RMSE     Rsquared 
2272.5693589    0.4045506 
[1] "Estimated MAE:"
[1] 1411.087
[1] "Best Parameters:"
  size decay
1   50     1
[1] "Run time:"
    user   system  elapsed 
 273.962    1.125 1766.115 
[1] "No tuning parameters found. Skipping plot."
    user   system  elapsed 
 306.364    2.741 1810.445 
